<?xml version="1.0" encoding="UTF-8"?>
<!-- Generated by org.testng.reporters.JUnitReportReporter -->
<testsuite hostname="LAPTOP-1DSDOME4" failures="0" tests="4" name="Framework.E2EAmazon.testmthd" time="0.011" errors="0" timestamp="2021-09-12T13:31:15 IST" skipped="0">
  <testcase classname="Framework.E2EAmazon.testmthd" name="vaicum" time="0.008"/>
  <system-out/>
  <testcase classname="Framework.E2EAmazon.testmthd" name="Samsung" time="0.001"/>
  <system-out/>
  <testcase classname="Framework.E2EAmazon.testmthd" name="base" time="0.001"/>
  <system-out/>
  <testcase classname="Framework.E2EAmazon.testmthd" name="Ihone" time="0.001"/>
  <system-out/>
</testsuite> <!-- Framework.E2EAmazon.testmthd -->
