<?xml version="1.0" encoding="UTF-8"?>
<!-- Generated by org.testng.reporters.JUnitReportReporter -->
<testsuite hostname="LAPTOP-1DSDOME4" failures="0" tests="4" name="Framework.E2EAmazon.AmazonE2E" time="12.833" errors="0" timestamp="2021-09-13T00:23:05 IST" skipped="0">
  <testcase classname="Framework.E2EAmazon.AmazonE2E" name="homepage" time="0.662"/>
  <system-out/>
  <testcase classname="Framework.E2EAmazon.AmazonE2E" name="Signin" time="4.571"/>
  <system-out/>
  <testcase classname="Framework.E2EAmazon.AmazonE2E" name="Profile" time="4.309"/>
  <system-out/>
  <testcase classname="Framework.E2EAmazon.AmazonE2E" name="Addadress" time="3.291"/>
  <system-out/>
</testsuite> <!-- Framework.E2EAmazon.AmazonE2E -->
